<?xml version="1.0" encoding="UTF-8"?>
<!-- Generated by org.testng.reporters.JUnitXMLReporter -->
<testsuite ignored="0" hostname="IT-srachid.local" failures="0" tests="5" name="Command line test" time="100.71" errors="0" timestamp="2023-03-18T02:17:49 AST">
  <testcase classname="DemoBlazeTestSuite" name="REGISTER_AND_LOGIN" time="14.521"/>
  <testcase classname="DemoBlazeTestSuite" name="CHECK_CATEGORY_LIST_HAS_ITEMS" time="3.187"/>
  <testcase classname="DemoBlazeTestSuite" name="ADD_RANDOM_ITEM_TO_CART" time="9.47"/>
  <testcase classname="DemoBlazeTestSuite" name="REMOVE_ITEM_FROM_CART" time="33.036"/>
  <testcase classname="DemoBlazeTestSuite" name="COMPLETE_CHECKOUT" time="14.697"/>
</testsuite> <!-- Command line test -->
